  Texture.cpp
c:\program files (x86)\microsoft visual studio\2017\community\vc\tools\msvc\14.11.25503\include\memory(1997): error C2027: использование неопределенного типа "SDL_Texture"
  c:\users\user\source\repos\airhockey2\sdl\include\sdl_render.h(128): note:  см. объявление "SDL_Texture"
  c:\program files (x86)\microsoft visual studio\2017\community\vc\tools\msvc\14.11.25503\include\memory(1996): note: при компиляции функции-члена "<Нет данных>" класса класс <Нет данных>
  c:\program files (x86)\microsoft visual studio\2017\community\vc\tools\msvc\14.11.25503\include\memory(2238): note: выполняется компиляция ссылки на экземпляр шаблон функции "void std::default_delete<_Ty>::operator ()(_Ty *) noexcept const"
          with
          [
              _Ty=SDL_Texture
          ]
  c:\program files (x86)\microsoft visual studio\2017\community\vc\tools\msvc\14.11.25503\include\memory(2047): note: выполняется компиляция ссылки на экземпляр шаблон класс "std::default_delete<_Ty>"
          with
          [
              _Ty=SDL_Texture
          ]
  c:\program files (x86)\microsoft visual studio\2017\community\vc\tools\msvc\14.11.25503\include\memory(2090): note: выполняется компиляция ссылки на экземпляр шаблон класс "std::_Unique_ptr_base<_Ty,_Dx>"
          with
          [
              _Ty=SDL_Texture,
              _Dx=std::default_delete<SDL_Texture>
          ]
  c:\users\user\source\repos\airhockey2\texture.h(36): note: выполняется компиляция ссылки на экземпляр шаблон класс "std::unique_ptr<SDL_Texture,std::default_delete<_Ty>>"
          with
          [
              _Ty=SDL_Texture
          ]
c:\program files (x86)\microsoft visual studio\2017\community\vc\tools\msvc\14.11.25503\include\memory(1998): error C2338: can't delete an incomplete type
c:\program files (x86)\microsoft visual studio\2017\community\vc\tools\msvc\14.11.25503\include\memory(1999): warning C4150: удаление указателя на неполный тип "SDL_Texture"; деструктор не вызван
  c:\users\user\source\repos\airhockey2\sdl\include\sdl_render.h(128): note:  см. объявление "SDL_Texture"
  Object.cpp
  Создание кода...
